[debug] [2022-10-03T09:42:22.529Z] ----------------------------------------------------------------------
[debug] [2022-10-03T09:42:22.531Z] Command:       C:\Program Files\nodejs\node.exe C:\Users\adrya\AppData\Roaming\npm\node_modules\firebase-tools\lib\bin\firebase.js deploy
[debug] [2022-10-03T09:42:22.531Z] CLI Version:   11.13.0
[debug] [2022-10-03T09:42:22.531Z] Platform:      win32
[debug] [2022-10-03T09:42:22.531Z] Node Version:  v16.14.0
[debug] [2022-10-03T09:42:22.541Z] Time:          Mon Oct 03 2022 12:42:22 GMT+0300 (Eastern European Summer Time)
[debug] [2022-10-03T09:42:22.541Z] ----------------------------------------------------------------------
[debug] 
[debug] [2022-10-03T09:42:22.595Z] > command requires scopes: ["email","openid","https://www.googleapis.com/auth/cloudplatformprojects.readonly","https://www.googleapis.com/auth/firebase","https://www.googleapis.com/auth/cloud-platform"]
[debug] [2022-10-03T09:42:22.595Z] > authorizing via signed-in user (adryano.jucan13@gmail.com)
[debug] [2022-10-03T09:42:22.596Z] [iam] checking project nexttest-bf7e2 for permissions ["firebase.projects.get","firebasehosting.sites.update"]
[debug] [2022-10-03T09:42:22.598Z] > refreshing access token with scopes: []
[debug] [2022-10-03T09:42:22.599Z] >>> [apiv2][query] POST https://www.googleapis.com/oauth2/v3/token [none]
[debug] [2022-10-03T09:42:22.600Z] >>> [apiv2][body] POST https://www.googleapis.com/oauth2/v3/token [omitted]
[debug] [2022-10-03T09:42:22.919Z] <<< [apiv2][status] POST https://www.googleapis.com/oauth2/v3/token 200
[debug] [2022-10-03T09:42:22.919Z] <<< [apiv2][body] POST https://www.googleapis.com/oauth2/v3/token [omitted]
[debug] [2022-10-03T09:42:22.926Z] >>> [apiv2][query] POST https://cloudresourcemanager.googleapis.com/v1/projects/nexttest-bf7e2:testIamPermissions [none]
[debug] [2022-10-03T09:42:22.926Z] >>> [apiv2][(partial)header] POST https://cloudresourcemanager.googleapis.com/v1/projects/nexttest-bf7e2:testIamPermissions x-goog-quota-user=projects/nexttest-bf7e2
[debug] [2022-10-03T09:42:22.927Z] >>> [apiv2][body] POST https://cloudresourcemanager.googleapis.com/v1/projects/nexttest-bf7e2:testIamPermissions {"permissions":["firebase.projects.get","firebasehosting.sites.update"]}
[debug] [2022-10-03T09:42:23.522Z] <<< [apiv2][status] POST https://cloudresourcemanager.googleapis.com/v1/projects/nexttest-bf7e2:testIamPermissions 200
[debug] [2022-10-03T09:42:23.522Z] <<< [apiv2][body] POST https://cloudresourcemanager.googleapis.com/v1/projects/nexttest-bf7e2:testIamPermissions {"permissions":["firebase.projects.get","firebasehosting.sites.update"]}
[debug] [2022-10-03T09:42:23.523Z] >>> [apiv2][query] GET https://firebase.googleapis.com/v1beta1/projects/nexttest-bf7e2 [none]
